<?xml version="1.0" encoding="UTF-8"?>
<testng-results skipped="0" failed="0" ignored="0" total="1" passed="1">
  <reporter-output>
  </reporter-output>
  <suite name="Default suite" duration-ms="34" started-at="2019-02-24T03:03:25Z" finished-at="2019-02-24T03:03:25Z">
    <groups>
    </groups>
    <test name="Default test" duration-ms="34" started-at="2019-02-24T03:03:25Z" finished-at="2019-02-24T03:03:25Z">
      <class name="com.harsit.com.harsit.arti.Test_1">
        <test-method status="PASS" signature="Arul()[pri:0, instance:com.harsit.com.harsit.arti.Test_1@5dfcfece]" name="Arul" duration-ms="8" started-at="2019-02-24T03:03:25Z" finished-at="2019-02-24T03:03:25Z">
          <reporter-output>
          </reporter-output>
        </test-method> <!-- Arul -->
      </class> <!-- com.harsit.com.harsit.arti.Test_1 -->
    </test> <!-- Default test -->
  </suite> <!-- Default suite -->
</testng-results>
